Arguments: 
  /usr/local/bin/node /Users/weiruifeng/.nvm/versions/node/v10.19.0/bin/yarn add No Xcode or CLT version detected

PATH: 
  /usr/local/sbin:/usr/local/bin:/Users/weiruifeng/.nvm/versions/node/v10.19.0/bin:/opt/local/bin:/opt/local/sbin:/usr/local/bin:/usr/bin:/bin:/usr/sbin:/sbin

Yarn version: 
  1.22.4

Node version: 
  10.16.3

Platform: 
  darwin x64

Trace: 
  Error: https://registry.yarnpkg.com/No: Not found
      at Request.params.callback [as _callback] (/Users/weiruifeng/.nvm/versions/node/v10.19.0/lib/node_modules/yarn/lib/cli.js:66987:18)
      at Request.self.callback (/Users/weiruifeng/.nvm/versions/node/v10.19.0/lib/node_modules/yarn/lib/cli.js:140748:22)
      at Request.emit (events.js:198:13)
      at Request.<anonymous> (/Users/weiruifeng/.nvm/versions/node/v10.19.0/lib/node_modules/yarn/lib/cli.js:141720:10)
      at Request.emit (events.js:198:13)
      at IncomingMessage.<anonymous> (/Users/weiruifeng/.nvm/versions/node/v10.19.0/lib/node_modules/yarn/lib/cli.js:141642:12)
      at Object.onceWrapper (events.js:286:20)
      at IncomingMessage.emit (events.js:203:15)
      at endReadableNT (_stream_readable.js:1145:12)
      at process._tickCallback (internal/process/next_tick.js:63:19)

npm manifest: 
  {
    "name": "v8-prodiler",
    "version": "1.0.0",
    "description": "",
    "main": "index.js",
    "scripts": {
      "test": "echo \"Error: no test specified\" && exit 1"
    },
    "author": "",
    "license": "ISC"
  }

yarn manifest: 
  No manifest

Lockfile: 
  No lockfile
